# JRE version: Java(TM) SE Runtime Environment (7.0_80-b15) (build 1.7.0_80-b15)
# Java VM: Java HotSpot(TM) 64-Bit Server VM (24.80-b11 mixed mode bsd-amd64 compressed oops)
Heap
 PSYoungGen      total 140288K, used 139440K [0x00000007eaa80000, 0x00000007f3880000, 0x0000000800000000)
  eden space 135168K, 100% used [0x00000007eaa80000,0x00000007f2e80000,0x00000007f2e80000)
  from space 5120K, 83% used [0x00000007f3380000,0x00000007f37ac010,0x00000007f3880000)
  to   space 5120K, 100% used [0x00000007f2e80000,0x00000007f3380000,0x00000007f3380000)
 ParOldGen       total 43520K, used 8862K [0x00000007c0000000, 0x00000007c2a80000, 0x00000007eaa80000)
  object space 43520K, 20% used [0x00000007c0000000,0x00000007c08a79b0,0x00000007c2a80000)
 PSPermGen       total 24064K, used 24027K [0x00000007bae00000, 0x00000007bc580000, 0x00000007c0000000)
  object space 24064K, 99% used [0x00000007bae00000,0x00000007bc576da8,0x00000007bc580000)
GC Heap History (10 events):
Event: 3,657 GC heap after
Heap after GC invocations=2 (full 0):
 PSYoungGen      total 36352K, used 2530K [0x00000007eaa80000, 0x00000007ed080000, 0x0000000800000000)
  eden space 33792K, 0% used [0x00000007eaa80000,0x00000007eaa80000,0x00000007ecb80000)
  from space 2560K, 98% used [0x00000007ece00000,0x00000007ed078b60,0x00000007ed080000)
  to   space 2560K, 0% used [0x00000007ecb80000,0x00000007ecb80000,0x00000007ece00000)
 ParOldGen       total 43520K, used 1954K [0x00000007c0000000, 0x00000007c2a80000, 0x00000007eaa80000)
  object space 43520K, 4% used [0x00000007c0000000,0x00000007c01e8ab8,0x00000007c2a80000)
 PSPermGen       total 21504K, used 14460K [0x00000007bae00000, 0x00000007bc300000, 0x00000007c0000000)
  object space 21504K, 67% used [0x00000007bae00000,0x00000007bbc1f240,0x00000007bc300000)
}
Event: 5,105 GC heap before
{Heap before GC invocations=3 (full 0):
 PSYoungGen      total 36352K, used 36322K [0x00000007eaa80000, 0x00000007ed080000, 0x0000000800000000)
  eden space 33792K, 100% used [0x00000007eaa80000,0x00000007ecb80000,0x00000007ecb80000)
  from space 2560K, 98% used [0x00000007ece00000,0x00000007ed078b60,0x00000007ed080000)
  to   space 2560K, 0% used [0x00000007ecb80000,0x00000007ecb80000,0x00000007ece00000)
 ParOldGen       total 43520K, used 1954K [0x00000007c0000000, 0x00000007c2a80000, 0x00000007eaa80000)
  object space 43520K, 4% used [0x00000007c0000000,0x00000007c01e8ab8,0x00000007c2a80000)
 PSPermGen       total 21504K, used 18211K [0x00000007bae00000, 0x00000007bc300000, 0x00000007c0000000)
  object space 21504K, 84% used [0x00000007bae00000,0x00000007bbfc8fa0,0x00000007bc300000)
Event: 5,156 GC heap after
Heap after GC invocations=3 (full 0):
 PSYoungGen      total 36352K, used 2560K [0x00000007eaa80000, 0x00000007ef180000, 0x0000000800000000)
  eden space 33792K, 0% used [0x00000007eaa80000,0x00000007eaa80000,0x00000007ecb80000)
  from space 2560K, 100% used [0x00000007ecb80000,0x00000007ece00000,0x00000007ece00000)
  to   space 2560K, 0% used [0x00000007eef00000,0x00000007eef00000,0x00000007ef180000)
 ParOldGen       total 43520K, used 3117K [0x00000007c0000000, 0x00000007c2a80000, 0x00000007eaa80000)
  object space 43520K, 7% used [0x00000007c0000000,0x00000007c030b538,0x00000007c2a80000)
 PSPermGen       total 21504K, used 18211K [0x00000007bae00000, 0x00000007bc300000, 0x00000007c0000000)
  object space 21504K, 84% used [0x00000007bae00000,0x00000007bbfc8fa0,0x00000007bc300000)
}
Event: 6,410 GC heap before
{Heap before GC invocations=4 (full 0):
 PSYoungGen      total 36352K, used 36352K [0x00000007eaa80000, 0x00000007ef180000, 0x0000000800000000)
  eden space 33792K, 100% used [0x00000007eaa80000,0x00000007ecb80000,0x00000007ecb80000)
  from space 2560K, 100% used [0x00000007ecb80000,0x00000007ece00000,0x00000007ece00000)
  to   space 2560K, 0% used [0x00000007eef00000,0x00000007eef00000,0x00000007ef180000)
 ParOldGen       total 43520K, used 3117K [0x00000007c0000000, 0x00000007c2a80000, 0x00000007eaa80000)
  object space 43520K, 7% used [0x00000007c0000000,0x00000007c030b538,0x00000007c2a80000)
 PSPermGen       total 22016K, used 21793K [0x00000007bae00000, 0x00000007bc380000, 0x00000007c0000000)
  object space 22016K, 98% used [0x00000007bae00000,0x00000007bc3485b0,0x00000007bc380000)
Event: 6,473 GC heap after
Heap after GC invocations=4 (full 0):
 PSYoungGen      total 70144K, used 2560K [0x00000007eaa80000, 0x00000007ef180000, 0x0000000800000000)
  eden space 67584K, 0% used [0x00000007eaa80000,0x00000007eaa80000,0x00000007eec80000)
  from space 2560K, 100% used [0x00000007eef00000,0x00000007ef180000,0x00000007ef180000)
  to   space 2560K, 0% used [0x00000007eec80000,0x00000007eec80000,0x00000007eef00000)
 ParOldGen       total 43520K, used 5043K [0x00000007c0000000, 0x00000007c2a80000, 0x00000007eaa80000)
  object space 43520K, 11% used [0x00000007c0000000,0x00000007c04ecc28,0x00000007c2a80000)
 PSPermGen       total 22016K, used 21793K [0x00000007bae00000, 0x00000007bc380000, 0x00000007c0000000)
  object space 22016K, 98% used [0x00000007bae00000,0x00000007bc3485b0,0x00000007bc380000)
}
Event: 7,007 GC heap before
{Heap before GC invocations=5 (full 0):
 PSYoungGen      total 70144K, used 70144K [0x00000007eaa80000, 0x00000007ef180000, 0x0000000800000000)
  eden space 67584K, 100% used [0x00000007eaa80000,0x00000007eec80000,0x00000007eec80000)
  from space 2560K, 100% used [0x00000007eef00000,0x00000007ef180000,0x00000007ef180000)
  to   space 2560K, 0% used [0x00000007eec80000,0x00000007eec80000,0x00000007eef00000)
 ParOldGen       total 43520K, used 5043K [0x00000007c0000000, 0x00000007c2a80000, 0x00000007eaa80000)
  object space 43520K, 11% used [0x00000007c0000000,0x00000007c04ecc28,0x00000007c2a80000)
 PSPermGen       total 23040K, used 22543K [0x00000007bae00000, 0x00000007bc480000, 0x00000007c0000000)
  object space 23040K, 97% used [0x00000007bae00000,0x00000007bc403c48,0x00000007bc480000)
Event: 7,065 GC heap after
Heap after GC invocations=5 (full 0):
 PSYoungGen      total 70144K, used 2560K [0x00000007eaa80000, 0x00000007f3880000, 0x0000000800000000)
  eden space 67584K, 0% used [0x00000007eaa80000,0x00000007eaa80000,0x00000007eec80000)
  from space 2560K, 100% used [0x00000007eec80000,0x00000007eef00000,0x00000007eef00000)
  to   space 5120K, 0% used [0x00000007f3380000,0x00000007f3380000,0x00000007f3880000)
 ParOldGen       total 43520K, used 6307K [0x00000007c0000000, 0x00000007c2a80000, 0x00000007eaa80000)
  object space 43520K, 14% used [0x00000007c0000000,0x00000007c0628c28,0x00000007c2a80000)
 PSPermGen       total 23040K, used 22543K [0x00000007bae00000, 0x00000007bc480000, 0x00000007c0000000)
  object space 23040K, 97% used [0x00000007bae00000,0x00000007bc403c48,0x00000007bc480000)
}
Event: 7,424 GC heap before
{Heap before GC invocations=6 (full 0):
 PSYoungGen      total 70144K, used 70144K [0x00000007eaa80000, 0x00000007f3880000, 0x0000000800000000)
  eden space 67584K, 100% used [0x00000007eaa80000,0x00000007eec80000,0x00000007eec80000)
  from space 2560K, 100% used [0x00000007eec80000,0x00000007eef00000,0x00000007eef00000)
  to   space 5120K, 0% used [0x00000007f3380000,0x00000007f3380000,0x00000007f3880000)
 ParOldGen       total 43520K, used 6307K [0x00000007c0000000, 0x00000007c2a80000, 0x00000007eaa80000)
  object space 43520K, 14% used [0x00000007c0000000,0x00000007c0628c28,0x00000007c2a80000)
 PSPermGen       total 23552K, used 23096K [0x00000007bae00000, 0x00000007bc500000, 0x00000007c0000000)
  object space 23552K, 98% used [0x00000007bae00000,0x00000007bc48e0e0,0x00000007bc500000)
Event: 7,486 GC heap after
Heap after GC invocations=6 (full 0):
 PSYoungGen      total 140288K, used 4272K [0x00000007eaa80000, 0x00000007f3880000, 0x0000000800000000)
  eden space 135168K, 0% used [0x00000007eaa80000,0x00000007eaa80000,0x00000007f2e80000)
  from space 5120K, 83% used [0x00000007f3380000,0x00000007f37ac010,0x00000007f3880000)
  to   space 5120K, 0% used [0x00000007f2e80000,0x00000007f2e80000,0x00000007f3380000)
 ParOldGen       total 43520K, used 6307K [0x00000007c0000000, 0x00000007c2a80000, 0x00000007eaa80000)
  object space 43520K, 14% used [0x00000007c0000000,0x00000007c0628c28,0x00000007c2a80000)
 PSPermGen       total 23552K, used 23096K [0x00000007bae00000, 0x00000007bc500000, 0x00000007c0000000)
  object space 23552K, 98% used [0x00000007bae00000,0x00000007bc48e0e0,0x00000007bc500000)
}
Event: 8,493 GC heap before
{Heap before GC invocations=7 (full 0):
 PSYoungGen      total 140288K, used 139440K [0x00000007eaa80000, 0x00000007f3880000, 0x0000000800000000)
  eden space 135168K, 100% used [0x00000007eaa80000,0x00000007f2e80000,0x00000007f2e80000)
  from space 5120K, 83% used [0x00000007f3380000,0x00000007f37ac010,0x00000007f3880000)
  to   space 5120K, 0% used [0x00000007f2e80000,0x00000007f2e80000,0x00000007f3380000)
 ParOldGen       total 43520K, used 6307K [0x00000007c0000000, 0x00000007c2a80000, 0x00000007eaa80000)
  object space 43520K, 14% used [0x00000007c0000000,0x00000007c0628c28,0x00000007c2a80000)
 PSPermGen       total 24064K, used 24027K [0x00000007bae00000, 0x00000007bc580000, 0x00000007c0000000)
  object space 24064K, 99% used [0x00000007bae00000,0x00000007bc576da8,0x00000007bc580000)

