# JRE version: Java(TM) SE Runtime Environment (7.0_80-b15) (build 1.7.0_80-b15)
# Java VM: Java HotSpot(TM) 64-Bit Server VM (24.80-b11 mixed mode bsd-amd64 compressed oops)
Heap
 PSYoungGen      total 142336K, used 142336K [0x00000007eaa80000, 0x00000007fc580000, 0x0000000800000000)
  eden space 135168K, 100% used [0x00000007eaa80000,0x00000007f2e80000,0x00000007f2e80000)
  from space 7168K, 100% used [0x00000007f2e80000,0x00000007f3580000,0x00000007f3580000)
  to   space 9728K, 73% used [0x00000007fbc00000,0x00000007fc2f8000,0x00000007fc580000)
 ParOldGen       total 43520K, used 12613K [0x00000007c0000000, 0x00000007c2a80000, 0x00000007eaa80000)
  object space 43520K, 28% used [0x00000007c0000000,0x00000007c0c51788,0x00000007c2a80000)
 PSPermGen       total 21504K, used 21303K [0x00000007bae00000, 0x00000007bc300000, 0x00000007c0000000)
  object space 21504K, 99% used [0x00000007bae00000,0x00000007bc2cde58,0x00000007bc300000)
GC Heap History (10 events):
Event: 4,841 GC heap after
Heap after GC invocations=3 (full 0):
 PSYoungGen      total 36352K, used 2544K [0x00000007eaa80000, 0x00000007ef180000, 0x0000000800000000)
  eden space 33792K, 0% used [0x00000007eaa80000,0x00000007eaa80000,0x00000007ecb80000)
  from space 2560K, 99% used [0x00000007ecb80000,0x00000007ecdfc010,0x00000007ece00000)
  to   space 2560K, 0% used [0x00000007eef00000,0x00000007eef00000,0x00000007ef180000)
 ParOldGen       total 43520K, used 2482K [0x00000007c0000000, 0x00000007c2a80000, 0x00000007eaa80000)
  object space 43520K, 5% used [0x00000007c0000000,0x00000007c026cb20,0x00000007c2a80000)
 PSPermGen       total 21504K, used 9823K [0x00000007bae00000, 0x00000007bc300000, 0x00000007c0000000)
  object space 21504K, 45% used [0x00000007bae00000,0x00000007bb797c30,0x00000007bc300000)
}
Event: 6,403 GC heap before
{Heap before GC invocations=4 (full 0):
 PSYoungGen      total 36352K, used 36336K [0x00000007eaa80000, 0x00000007ef180000, 0x0000000800000000)
  eden space 33792K, 100% used [0x00000007eaa80000,0x00000007ecb80000,0x00000007ecb80000)
  from space 2560K, 99% used [0x00000007ecb80000,0x00000007ecdfc010,0x00000007ece00000)
  to   space 2560K, 0% used [0x00000007eef00000,0x00000007eef00000,0x00000007ef180000)
 ParOldGen       total 43520K, used 2482K [0x00000007c0000000, 0x00000007c2a80000, 0x00000007eaa80000)
  object space 43520K, 5% used [0x00000007c0000000,0x00000007c026cb20,0x00000007c2a80000)
 PSPermGen       total 21504K, used 12678K [0x00000007bae00000, 0x00000007bc300000, 0x00000007c0000000)
  object space 21504K, 58% used [0x00000007bae00000,0x00000007bba618e8,0x00000007bc300000)
Event: 6,474 GC heap after
Heap after GC invocations=4 (full 0):
 PSYoungGen      total 70144K, used 2544K [0x00000007eaa80000, 0x00000007ef180000, 0x0000000800000000)
  eden space 67584K, 0% used [0x00000007eaa80000,0x00000007eaa80000,0x00000007eec80000)
  from space 2560K, 99% used [0x00000007eef00000,0x00000007ef17c010,0x00000007ef180000)
  to   space 2560K, 0% used [0x00000007eec80000,0x00000007eec80000,0x00000007eef00000)
 ParOldGen       total 43520K, used 4926K [0x00000007c0000000, 0x00000007c2a80000, 0x00000007eaa80000)
  object space 43520K, 11% used [0x00000007c0000000,0x00000007c04cf920,0x00000007c2a80000)
 PSPermGen       total 21504K, used 12678K [0x00000007bae00000, 0x00000007bc300000, 0x00000007c0000000)
  object space 21504K, 58% used [0x00000007bae00000,0x00000007bba618e8,0x00000007bc300000)
}
Event: 10,071 GC heap before
{Heap before GC invocations=5 (full 0):
 PSYoungGen      total 70144K, used 70128K [0x00000007eaa80000, 0x00000007ef180000, 0x0000000800000000)
  eden space 67584K, 100% used [0x00000007eaa80000,0x00000007eec80000,0x00000007eec80000)
  from space 2560K, 99% used [0x00000007eef00000,0x00000007ef17c010,0x00000007ef180000)
  to   space 2560K, 0% used [0x00000007eec80000,0x00000007eec80000,0x00000007eef00000)
 ParOldGen       total 43520K, used 4926K [0x00000007c0000000, 0x00000007c2a80000, 0x00000007eaa80000)
  object space 43520K, 11% used [0x00000007c0000000,0x00000007c04cf920,0x00000007c2a80000)
 PSPermGen       total 21504K, used 15776K [0x00000007bae00000, 0x00000007bc300000, 0x00000007c0000000)
  object space 21504K, 73% used [0x00000007bae00000,0x00000007bbd68278,0x00000007bc300000)
Event: 10,163 GC heap after
Heap after GC invocations=5 (full 0):
 PSYoungGen      total 70144K, used 2560K [0x00000007eaa80000, 0x00000007f3d80000, 0x0000000800000000)
  eden space 67584K, 0% used [0x00000007eaa80000,0x00000007eaa80000,0x00000007eec80000)
  from space 2560K, 100% used [0x00000007eec80000,0x00000007eef00000,0x00000007eef00000)
  to   space 7680K, 0% used [0x00000007f3600000,0x00000007f3600000,0x00000007f3d80000)
 ParOldGen       total 43520K, used 9019K [0x00000007c0000000, 0x00000007c2a80000, 0x00000007eaa80000)
  object space 43520K, 20% used [0x00000007c0000000,0x00000007c08cef90,0x00000007c2a80000)
 PSPermGen       total 21504K, used 15776K [0x00000007bae00000, 0x00000007bc300000, 0x00000007c0000000)
  object space 21504K, 73% used [0x00000007bae00000,0x00000007bbd68278,0x00000007bc300000)
}
Event: 14,247 GC heap before
{Heap before GC invocations=6 (full 0):
 PSYoungGen      total 70144K, used 70144K [0x00000007eaa80000, 0x00000007f3d80000, 0x0000000800000000)
  eden space 67584K, 100% used [0x00000007eaa80000,0x00000007eec80000,0x00000007eec80000)
  from space 2560K, 100% used [0x00000007eec80000,0x00000007eef00000,0x00000007eef00000)
  to   space 7680K, 0% used [0x00000007f3600000,0x00000007f3600000,0x00000007f3d80000)
 ParOldGen       total 43520K, used 9019K [0x00000007c0000000, 0x00000007c2a80000, 0x00000007eaa80000)
  object space 43520K, 20% used [0x00000007c0000000,0x00000007c08cef90,0x00000007c2a80000)
 PSPermGen       total 21504K, used 17030K [0x00000007bae00000, 0x00000007bc300000, 0x00000007c0000000)
  object space 21504K, 79% used [0x00000007bae00000,0x00000007bbea1938,0x00000007bc300000)
Event: 14,319 GC heap after
Heap after GC invocations=6 (full 0):
 PSYoungGen      total 141824K, used 3856K [0x00000007eaa80000, 0x00000007f3c80000, 0x0000000800000000)
  eden space 135168K, 0% used [0x00000007eaa80000,0x00000007eaa80000,0x00000007f2e80000)
  from space 6656K, 57% used [0x00000007f3600000,0x00000007f39c4010,0x00000007f3c80000)
  to   space 7168K, 0% used [0x00000007f2e80000,0x00000007f2e80000,0x00000007f3580000)
 ParOldGen       total 43520K, used 9019K [0x00000007c0000000, 0x00000007c2a80000, 0x00000007eaa80000)
  object space 43520K, 20% used [0x00000007c0000000,0x00000007c08cef90,0x00000007c2a80000)
 PSPermGen       total 21504K, used 17030K [0x00000007bae00000, 0x00000007bc300000, 0x00000007c0000000)
  object space 21504K, 79% used [0x00000007bae00000,0x00000007bbea1938,0x00000007bc300000)
}
Event: 34,123 GC heap before
{Heap before GC invocations=7 (full 0):
 PSYoungGen      total 141824K, used 139024K [0x00000007eaa80000, 0x00000007f3c80000, 0x0000000800000000)
  eden space 135168K, 100% used [0x00000007eaa80000,0x00000007f2e80000,0x00000007f2e80000)
  from space 6656K, 57% used [0x00000007f3600000,0x00000007f39c4010,0x00000007f3c80000)
  to   space 7168K, 0% used [0x00000007f2e80000,0x00000007f2e80000,0x00000007f3580000)
 ParOldGen       total 43520K, used 9019K [0x00000007c0000000, 0x00000007c2a80000, 0x00000007eaa80000)
  object space 43520K, 20% used [0x00000007c0000000,0x00000007c08cef90,0x00000007c2a80000)
 PSPermGen       total 21504K, used 18433K [0x00000007bae00000, 0x00000007bc300000, 0x00000007c0000000)
  object space 21504K, 85% used [0x00000007bae00000,0x00000007bc000498,0x00000007bc300000)
Event: 34,457 GC heap after
Heap after GC invocations=7 (full 0):
 PSYoungGen      total 142336K, used 7168K [0x00000007eaa80000, 0x00000007fc580000, 0x0000000800000000)
  eden space 135168K, 0% used [0x00000007eaa80000,0x00000007eaa80000,0x00000007f2e80000)
  from space 7168K, 100% used [0x00000007f2e80000,0x00000007f3580000,0x00000007f3580000)
  to   space 9728K, 0% used [0x00000007fbc00000,0x00000007fbc00000,0x00000007fc580000)
 ParOldGen       total 43520K, used 12071K [0x00000007c0000000, 0x00000007c2a80000, 0x00000007eaa80000)
  object space 43520K, 27% used [0x00000007c0000000,0x00000007c0bc9fd8,0x00000007c2a80000)
 PSPermGen       total 21504K, used 18433K [0x00000007bae00000, 0x00000007bc300000, 0x00000007c0000000)
  object space 21504K, 85% used [0x00000007bae00000,0x00000007bc000498,0x00000007bc300000)
}
Event: 44,743 GC heap before
{Heap before GC invocations=8 (full 0):
 PSYoungGen      total 142336K, used 142336K [0x00000007eaa80000, 0x00000007fc580000, 0x0000000800000000)
  eden space 135168K, 100% used [0x00000007eaa80000,0x00000007f2e80000,0x00000007f2e80000)
  from space 7168K, 100% used [0x00000007f2e80000,0x00000007f3580000,0x00000007f3580000)
  to   space 9728K, 0% used [0x00000007fbc00000,0x00000007fbc00000,0x00000007fc580000)
 ParOldGen       total 43520K, used 12071K [0x00000007c0000000, 0x00000007c2a80000, 0x00000007eaa80000)
  object space 43520K, 27% used [0x00000007c0000000,0x00000007c0bc9fd8,0x00000007c2a80000)
 PSPermGen       total 21504K, used 21303K [0x00000007bae00000, 0x00000007bc300000, 0x00000007c0000000)
  object space 21504K, 99% used [0x00000007bae00000,0x00000007bc2cde58,0x00000007bc300000)

