# JRE version: Java(TM) SE Runtime Environment (7.0_80-b15) (build 1.7.0_80-b15)
# Java VM: Java HotSpot(TM) 64-Bit Server VM (24.80-b11 mixed mode bsd-amd64 compressed oops)
Heap
 PSYoungGen      total 140800K, used 139645K [0x00000007eaa80000, 0x00000007f3b80000, 0x0000000800000000)
  eden space 134656K, 100% used [0x00000007eaa80000,0x00000007f2e00000,0x00000007f2e00000)
  from space 6144K, 81% used [0x00000007f3480000,0x00000007f395f4a8,0x00000007f3a80000)
  to   space 6656K, 51% used [0x00000007f2e00000,0x00000007f3160000,0x00000007f3480000)
 ParOldGen       total 43520K, used 8140K [0x00000007c0000000, 0x00000007c2a80000, 0x00000007eaa80000)
  object space 43520K, 18% used [0x00000007c0000000,0x00000007c07f3318,0x00000007c2a80000)
 PSPermGen       total 21504K, used 17504K [0x00000007bae00000, 0x00000007bc300000, 0x00000007c0000000)
  object space 21504K, 81% used [0x00000007bae00000,0x00000007bbf18190,0x00000007bc300000)
GC Heap History (10 events):
Event: 2,321 GC heap after
Heap after GC invocations=2 (full 0):
 PSYoungGen      total 36352K, used 2534K [0x00000007eaa80000, 0x00000007ed080000, 0x0000000800000000)
  eden space 33792K, 0% used [0x00000007eaa80000,0x00000007eaa80000,0x00000007ecb80000)
  from space 2560K, 99% used [0x00000007ece00000,0x00000007ed079b20,0x00000007ed080000)
  to   space 2560K, 0% used [0x00000007ecb80000,0x00000007ecb80000,0x00000007ece00000)
 ParOldGen       total 43520K, used 444K [0x00000007c0000000, 0x00000007c2a80000, 0x00000007eaa80000)
  object space 43520K, 1% used [0x00000007c0000000,0x00000007c006f138,0x00000007c2a80000)
 PSPermGen       total 21504K, used 7573K [0x00000007bae00000, 0x00000007bc300000, 0x00000007c0000000)
  object space 21504K, 35% used [0x00000007bae00000,0x00000007bb5654d8,0x00000007bc300000)
}
Event: 3,572 GC heap before
{Heap before GC invocations=3 (full 0):
 PSYoungGen      total 36352K, used 36326K [0x00000007eaa80000, 0x00000007ed080000, 0x0000000800000000)
  eden space 33792K, 100% used [0x00000007eaa80000,0x00000007ecb80000,0x00000007ecb80000)
  from space 2560K, 99% used [0x00000007ece00000,0x00000007ed079b20,0x00000007ed080000)
  to   space 2560K, 0% used [0x00000007ecb80000,0x00000007ecb80000,0x00000007ece00000)
 ParOldGen       total 43520K, used 444K [0x00000007c0000000, 0x00000007c2a80000, 0x00000007eaa80000)
  object space 43520K, 1% used [0x00000007c0000000,0x00000007c006f138,0x00000007c2a80000)
 PSPermGen       total 21504K, used 10122K [0x00000007bae00000, 0x00000007bc300000, 0x00000007c0000000)
  object space 21504K, 47% used [0x00000007bae00000,0x00000007bb7e2890,0x00000007bc300000)
Event: 3,615 GC heap after
Heap after GC invocations=3 (full 0):
 PSYoungGen      total 36352K, used 2528K [0x00000007eaa80000, 0x00000007ef180000, 0x0000000800000000)
  eden space 33792K, 0% used [0x00000007eaa80000,0x00000007eaa80000,0x00000007ecb80000)
  from space 2560K, 98% used [0x00000007ecb80000,0x00000007ecdf8020,0x00000007ece00000)
  to   space 2560K, 0% used [0x00000007eef00000,0x00000007eef00000,0x00000007ef180000)
 ParOldGen       total 43520K, used 2688K [0x00000007c0000000, 0x00000007c2a80000, 0x00000007eaa80000)
  object space 43520K, 6% used [0x00000007c0000000,0x00000007c02a0078,0x00000007c2a80000)
 PSPermGen       total 21504K, used 10122K [0x00000007bae00000, 0x00000007bc300000, 0x00000007c0000000)
  object space 21504K, 47% used [0x00000007bae00000,0x00000007bb7e2890,0x00000007bc300000)
}
Event: 5,436 GC heap before
{Heap before GC invocations=4 (full 0):
 PSYoungGen      total 36352K, used 36320K [0x00000007eaa80000, 0x00000007ef180000, 0x0000000800000000)
  eden space 33792K, 100% used [0x00000007eaa80000,0x00000007ecb80000,0x00000007ecb80000)
  from space 2560K, 98% used [0x00000007ecb80000,0x00000007ecdf8020,0x00000007ece00000)
  to   space 2560K, 0% used [0x00000007eef00000,0x00000007eef00000,0x00000007ef180000)
 ParOldGen       total 43520K, used 2688K [0x00000007c0000000, 0x00000007c2a80000, 0x00000007eaa80000)
  object space 43520K, 6% used [0x00000007c0000000,0x00000007c02a0078,0x00000007c2a80000)
 PSPermGen       total 21504K, used 12803K [0x00000007bae00000, 0x00000007bc300000, 0x00000007c0000000)
  object space 21504K, 59% used [0x00000007bae00000,0x00000007bba80ed0,0x00000007bc300000)
Event: 5,505 GC heap after
Heap after GC invocations=4 (full 0):
 PSYoungGen      total 70144K, used 2528K [0x00000007eaa80000, 0x00000007ef180000, 0x0000000800000000)
  eden space 67584K, 0% used [0x00000007eaa80000,0x00000007eaa80000,0x00000007eec80000)
  from space 2560K, 98% used [0x00000007eef00000,0x00000007ef178020,0x00000007ef180000)
  to   space 2560K, 0% used [0x00000007eec80000,0x00000007eec80000,0x00000007eef00000)
 ParOldGen       total 43520K, used 5276K [0x00000007c0000000, 0x00000007c2a80000, 0x00000007eaa80000)
  object space 43520K, 12% used [0x00000007c0000000,0x00000007c0527138,0x00000007c2a80000)
 PSPermGen       total 21504K, used 12803K [0x00000007bae00000, 0x00000007bc300000, 0x00000007c0000000)
  object space 21504K, 59% used [0x00000007bae00000,0x00000007bba80ed0,0x00000007bc300000)
}
Event: 7,984 GC heap before
{Heap before GC invocations=5 (full 0):
 PSYoungGen      total 70144K, used 70112K [0x00000007eaa80000, 0x00000007ef180000, 0x0000000800000000)
  eden space 67584K, 100% used [0x00000007eaa80000,0x00000007eec80000,0x00000007eec80000)
  from space 2560K, 98% used [0x00000007eef00000,0x00000007ef178020,0x00000007ef180000)
  to   space 2560K, 0% used [0x00000007eec80000,0x00000007eec80000,0x00000007eef00000)
 ParOldGen       total 43520K, used 5276K [0x00000007c0000000, 0x00000007c2a80000, 0x00000007eaa80000)
  object space 43520K, 12% used [0x00000007c0000000,0x00000007c0527138,0x00000007c2a80000)
 PSPermGen       total 21504K, used 14739K [0x00000007bae00000, 0x00000007bc300000, 0x00000007c0000000)
  object space 21504K, 68% used [0x00000007bae00000,0x00000007bbc64e68,0x00000007bc300000)
Event: 8,041 GC heap after
Heap after GC invocations=5 (full 0):
 PSYoungGen      total 70144K, used 2544K [0x00000007eaa80000, 0x00000007f3a80000, 0x0000000800000000)
  eden space 67584K, 0% used [0x00000007eaa80000,0x00000007eaa80000,0x00000007eec80000)
  from space 2560K, 99% used [0x00000007eec80000,0x00000007eeefc030,0x00000007eef00000)
  to   space 6144K, 0% used [0x00000007f3480000,0x00000007f3480000,0x00000007f3a80000)
 ParOldGen       total 43520K, used 7127K [0x00000007c0000000, 0x00000007c2a80000, 0x00000007eaa80000)
  object space 43520K, 16% used [0x00000007c0000000,0x00000007c06f5dc8,0x00000007c2a80000)
 PSPermGen       total 21504K, used 14739K [0x00000007bae00000, 0x00000007bc300000, 0x00000007c0000000)
  object space 21504K, 68% used [0x00000007bae00000,0x00000007bbc64e68,0x00000007bc300000)
}
Event: 9,694 GC heap before
{Heap before GC invocations=6 (full 0):
 PSYoungGen      total 70144K, used 70128K [0x00000007eaa80000, 0x00000007f3a80000, 0x0000000800000000)
  eden space 67584K, 100% used [0x00000007eaa80000,0x00000007eec80000,0x00000007eec80000)
  from space 2560K, 99% used [0x00000007eec80000,0x00000007eeefc030,0x00000007eef00000)
  to   space 6144K, 0% used [0x00000007f3480000,0x00000007f3480000,0x00000007f3a80000)
 ParOldGen       total 43520K, used 7127K [0x00000007c0000000, 0x00000007c2a80000, 0x00000007eaa80000)
  object space 43520K, 16% used [0x00000007c0000000,0x00000007c06f5dc8,0x00000007c2a80000)
 PSPermGen       total 21504K, used 16789K [0x00000007bae00000, 0x00000007bc300000, 0x00000007c0000000)
  object space 21504K, 78% used [0x00000007bae00000,0x00000007bbe65498,0x00000007bc300000)
Event: 9,756 GC heap after
Heap after GC invocations=6 (full 0):
 PSYoungGen      total 140800K, used 4989K [0x00000007eaa80000, 0x00000007f3b80000, 0x0000000800000000)
  eden space 134656K, 0% used [0x00000007eaa80000,0x00000007eaa80000,0x00000007f2e00000)
  from space 6144K, 81% used [0x00000007f3480000,0x00000007f395f4a8,0x00000007f3a80000)
  to   space 6656K, 0% used [0x00000007f2e00000,0x00000007f2e00000,0x00000007f3480000)
 ParOldGen       total 43520K, used 7135K [0x00000007c0000000, 0x00000007c2a80000, 0x00000007eaa80000)
  object space 43520K, 16% used [0x00000007c0000000,0x00000007c06f7dc8,0x00000007c2a80000)
 PSPermGen       total 21504K, used 16789K [0x00000007bae00000, 0x00000007bc300000, 0x00000007c0000000)
  object space 21504K, 78% used [0x00000007bae00000,0x00000007bbe65498,0x00000007bc300000)
}
Event: 10,766 GC heap before
{Heap before GC invocations=7 (full 0):
 PSYoungGen      total 140800K, used 139645K [0x00000007eaa80000, 0x00000007f3b80000, 0x0000000800000000)
  eden space 134656K, 100% used [0x00000007eaa80000,0x00000007f2e00000,0x00000007f2e00000)
  from space 6144K, 81% used [0x00000007f3480000,0x00000007f395f4a8,0x00000007f3a80000)
  to   space 6656K, 0% used [0x00000007f2e00000,0x00000007f2e00000,0x00000007f3480000)
 ParOldGen       total 43520K, used 7135K [0x00000007c0000000, 0x00000007c2a80000, 0x00000007eaa80000)
  object space 43520K, 16% used [0x00000007c0000000,0x00000007c06f7dc8,0x00000007c2a80000)
 PSPermGen       total 21504K, used 17504K [0x00000007bae00000, 0x00000007bc300000, 0x00000007c0000000)
  object space 21504K, 81% used [0x00000007bae00000,0x00000007bbf18190,0x00000007bc300000)

