# JRE version: Java(TM) SE Runtime Environment (7.0_80-b15) (build 1.7.0_80-b15)
# Java VM: Java HotSpot(TM) 64-Bit Server VM (24.80-b11 mixed mode bsd-amd64 compressed oops)
Heap
 PSYoungGen      total 70144K, used 70112K [0x00000007eaa80000, 0x00000007f3b80000, 0x0000000800000000)
  eden space 67584K, 100% used [0x00000007eaa80000,0x00000007eec80000,0x00000007eec80000)
  from space 2560K, 98% used [0x00000007eec80000,0x00000007eeef8020,0x00000007eef00000)
  to   space 6656K, 50% used [0x00000007f3500000,0x00000007f3843330,0x00000007f3b80000)
 ParOldGen       total 43520K, used 8081K [0x00000007c0000000, 0x00000007c2a80000, 0x00000007eaa80000)
  object space 43520K, 18% used [0x00000007c0000000,0x00000007c07e46c8,0x00000007c2a80000)
 PSPermGen       total 21504K, used 17193K [0x00000007bae00000, 0x00000007bc300000, 0x00000007c0000000)
  object space 21504K, 79% used [0x00000007bae00000,0x00000007bbeca6a8,0x00000007bc300000)
GC Heap History (10 events):
Event: 2,120 GC heap after
Heap after GC invocations=1 (full 0):
 PSYoungGen      total 19456K, used 2543K [0x00000007eaa80000, 0x00000007ed080000, 0x0000000800000000)
  eden space 16896K, 0% used [0x00000007eaa80000,0x00000007eaa80000,0x00000007ebb00000)
  from space 2560K, 99% used [0x00000007ebb00000,0x00000007ebd7be80,0x00000007ebd80000)
  to   space 2560K, 0% used [0x00000007ece00000,0x00000007ece00000,0x00000007ed080000)
 ParOldGen       total 43520K, used 76K [0x00000007c0000000, 0x00000007c2a80000, 0x00000007eaa80000)
  object space 43520K, 0% used [0x00000007c0000000,0x00000007c0013360,0x00000007c2a80000)
 PSPermGen       total 21504K, used 5612K [0x00000007bae00000, 0x00000007bc300000, 0x00000007c0000000)
  object space 21504K, 26% used [0x00000007bae00000,0x00000007bb37b3a8,0x00000007bc300000)
}
Event: 3,107 GC heap before
{Heap before GC invocations=2 (full 0):
 PSYoungGen      total 19456K, used 19439K [0x00000007eaa80000, 0x00000007ed080000, 0x0000000800000000)
  eden space 16896K, 100% used [0x00000007eaa80000,0x00000007ebb00000,0x00000007ebb00000)
  from space 2560K, 99% used [0x00000007ebb00000,0x00000007ebd7be80,0x00000007ebd80000)
  to   space 2560K, 0% used [0x00000007ece00000,0x00000007ece00000,0x00000007ed080000)
 ParOldGen       total 43520K, used 76K [0x00000007c0000000, 0x00000007c2a80000, 0x00000007eaa80000)
  object space 43520K, 0% used [0x00000007c0000000,0x00000007c0013360,0x00000007c2a80000)
 PSPermGen       total 21504K, used 7505K [0x00000007bae00000, 0x00000007bc300000, 0x00000007c0000000)
  object space 21504K, 34% used [0x00000007bae00000,0x00000007bb5544e0,0x00000007bc300000)
Event: 3,133 GC heap after
Heap after GC invocations=2 (full 0):
 PSYoungGen      total 36352K, used 2528K [0x00000007eaa80000, 0x00000007ed080000, 0x0000000800000000)
  eden space 33792K, 0% used [0x00000007eaa80000,0x00000007eaa80000,0x00000007ecb80000)
  from space 2560K, 98% used [0x00000007ece00000,0x00000007ed078020,0x00000007ed080000)
  to   space 2560K, 0% used [0x00000007ecb80000,0x00000007ecb80000,0x00000007ece00000)
 ParOldGen       total 43520K, used 419K [0x00000007c0000000, 0x00000007c2a80000, 0x00000007eaa80000)
  object space 43520K, 0% used [0x00000007c0000000,0x00000007c0068ed0,0x00000007c2a80000)
 PSPermGen       total 21504K, used 7505K [0x00000007bae00000, 0x00000007bc300000, 0x00000007c0000000)
  object space 21504K, 34% used [0x00000007bae00000,0x00000007bb5544e0,0x00000007bc300000)
}
Event: 4,569 GC heap before
{Heap before GC invocations=3 (full 0):
 PSYoungGen      total 36352K, used 36320K [0x00000007eaa80000, 0x00000007ed080000, 0x0000000800000000)
  eden space 33792K, 100% used [0x00000007eaa80000,0x00000007ecb80000,0x00000007ecb80000)
  from space 2560K, 98% used [0x00000007ece00000,0x00000007ed078020,0x00000007ed080000)
  to   space 2560K, 0% used [0x00000007ecb80000,0x00000007ecb80000,0x00000007ece00000)
 ParOldGen       total 43520K, used 419K [0x00000007c0000000, 0x00000007c2a80000, 0x00000007eaa80000)
  object space 43520K, 0% used [0x00000007c0000000,0x00000007c0068ed0,0x00000007c2a80000)
 PSPermGen       total 21504K, used 9990K [0x00000007bae00000, 0x00000007bc300000, 0x00000007c0000000)
  object space 21504K, 46% used [0x00000007bae00000,0x00000007bb7c1bb8,0x00000007bc300000)
Event: 4,608 GC heap after
Heap after GC invocations=3 (full 0):
 PSYoungGen      total 36352K, used 2560K [0x00000007eaa80000, 0x00000007ef180000, 0x0000000800000000)
  eden space 33792K, 0% used [0x00000007eaa80000,0x00000007eaa80000,0x00000007ecb80000)
  from space 2560K, 100% used [0x00000007ecb80000,0x00000007ece00000,0x00000007ece00000)
  to   space 2560K, 0% used [0x00000007eef00000,0x00000007eef00000,0x00000007ef180000)
 ParOldGen       total 43520K, used 2651K [0x00000007c0000000, 0x00000007c2a80000, 0x00000007eaa80000)
  object space 43520K, 6% used [0x00000007c0000000,0x00000007c0296d90,0x00000007c2a80000)
 PSPermGen       total 21504K, used 9990K [0x00000007bae00000, 0x00000007bc300000, 0x00000007c0000000)
  object space 21504K, 46% used [0x00000007bae00000,0x00000007bb7c1bb8,0x00000007bc300000)
}
Event: 6,451 GC heap before
{Heap before GC invocations=4 (full 0):
 PSYoungGen      total 36352K, used 36352K [0x00000007eaa80000, 0x00000007ef180000, 0x0000000800000000)
  eden space 33792K, 100% used [0x00000007eaa80000,0x00000007ecb80000,0x00000007ecb80000)
  from space 2560K, 100% used [0x00000007ecb80000,0x00000007ece00000,0x00000007ece00000)
  to   space 2560K, 0% used [0x00000007eef00000,0x00000007eef00000,0x00000007ef180000)
 ParOldGen       total 43520K, used 2651K [0x00000007c0000000, 0x00000007c2a80000, 0x00000007eaa80000)
  object space 43520K, 6% used [0x00000007c0000000,0x00000007c0296d90,0x00000007c2a80000)
 PSPermGen       total 21504K, used 12790K [0x00000007bae00000, 0x00000007bc300000, 0x00000007c0000000)
  object space 21504K, 59% used [0x00000007bae00000,0x00000007bba7db20,0x00000007bc300000)
Event: 6,499 GC heap after
Heap after GC invocations=4 (full 0):
 PSYoungGen      total 70144K, used 2528K [0x00000007eaa80000, 0x00000007ef180000, 0x0000000800000000)
  eden space 67584K, 0% used [0x00000007eaa80000,0x00000007eaa80000,0x00000007eec80000)
  from space 2560K, 98% used [0x00000007eef00000,0x00000007ef178020,0x00000007ef180000)
  to   space 2560K, 0% used [0x00000007eec80000,0x00000007eec80000,0x00000007eef00000)
 ParOldGen       total 43520K, used 5097K [0x00000007c0000000, 0x00000007c2a80000, 0x00000007eaa80000)
  object space 43520K, 11% used [0x00000007c0000000,0x00000007c04fa488,0x00000007c2a80000)
 PSPermGen       total 21504K, used 12790K [0x00000007bae00000, 0x00000007bc300000, 0x00000007c0000000)
  object space 21504K, 59% used [0x00000007bae00000,0x00000007bba7db20,0x00000007bc300000)
}
Event: 10,175 GC heap before
{Heap before GC invocations=5 (full 0):
 PSYoungGen      total 70144K, used 70112K [0x00000007eaa80000, 0x00000007ef180000, 0x0000000800000000)
  eden space 67584K, 100% used [0x00000007eaa80000,0x00000007eec80000,0x00000007eec80000)
  from space 2560K, 98% used [0x00000007eef00000,0x00000007ef178020,0x00000007ef180000)
  to   space 2560K, 0% used [0x00000007eec80000,0x00000007eec80000,0x00000007eef00000)
 ParOldGen       total 43520K, used 5097K [0x00000007c0000000, 0x00000007c2a80000, 0x00000007eaa80000)
  object space 43520K, 11% used [0x00000007c0000000,0x00000007c04fa488,0x00000007c2a80000)
 PSPermGen       total 21504K, used 15114K [0x00000007bae00000, 0x00000007bc300000, 0x00000007c0000000)
  object space 21504K, 70% used [0x00000007bae00000,0x00000007bbcc2800,0x00000007bc300000)
Event: 10,252 GC heap after
Heap after GC invocations=5 (full 0):
 PSYoungGen      total 70144K, used 2528K [0x00000007eaa80000, 0x00000007f3b80000, 0x0000000800000000)
  eden space 67584K, 0% used [0x00000007eaa80000,0x00000007eaa80000,0x00000007eec80000)
  from space 2560K, 98% used [0x00000007eec80000,0x00000007eeef8020,0x00000007eef00000)
  to   space 6656K, 0% used [0x00000007f3500000,0x00000007f3500000,0x00000007f3b80000)
 ParOldGen       total 43520K, used 8081K [0x00000007c0000000, 0x00000007c2a80000, 0x00000007eaa80000)
  object space 43520K, 18% used [0x00000007c0000000,0x00000007c07e46c8,0x00000007c2a80000)
 PSPermGen       total 21504K, used 15114K [0x00000007bae00000, 0x00000007bc300000, 0x00000007c0000000)
  object space 21504K, 70% used [0x00000007bae00000,0x00000007bbcc2800,0x00000007bc300000)
}
Event: 14,675 GC heap before
{Heap before GC invocations=6 (full 0):
 PSYoungGen      total 70144K, used 70112K [0x00000007eaa80000, 0x00000007f3b80000, 0x0000000800000000)
  eden space 67584K, 100% used [0x00000007eaa80000,0x00000007eec80000,0x00000007eec80000)
  from space 2560K, 98% used [0x00000007eec80000,0x00000007eeef8020,0x00000007eef00000)
  to   space 6656K, 0% used [0x00000007f3500000,0x00000007f3500000,0x00000007f3b80000)
 ParOldGen       total 43520K, used 8081K [0x00000007c0000000, 0x00000007c2a80000, 0x00000007eaa80000)
  object space 43520K, 18% used [0x00000007c0000000,0x00000007c07e46c8,0x00000007c2a80000)
 PSPermGen       total 21504K, used 17193K [0x00000007bae00000, 0x00000007bc300000, 0x00000007c0000000)
  object space 21504K, 79% used [0x00000007bae00000,0x00000007bbeca6a8,0x00000007bc300000)

