# JRE version: Java(TM) SE Runtime Environment (7.0_80-b15) (build 1.7.0_80-b15)
# Java VM: Java HotSpot(TM) 64-Bit Server VM (24.80-b11 mixed mode bsd-amd64 compressed oops)
Heap
 PSYoungGen      total 344576K, used 342176K [0x00000007eaa80000, 0x0000000800000000, 0x0000000800000000)
  eden space 339456K, 100% used [0x00000007eaa80000,0x00000007ff600000,0x00000007ff600000)
  from space 5120K, 53% used [0x00000007ffb00000,0x00000007ffda8000,0x0000000800000000)
  to   space 5120K, 61% used [0x00000007ff600000,0x00000007ff918000,0x00000007ffb00000)
 ParOldGen       total 43520K, used 19268K [0x00000007c0000000, 0x00000007c2a80000, 0x00000007eaa80000)
  object space 43520K, 44% used [0x00000007c0000000,0x00000007c12d1188,0x00000007c2a80000)
 PSPermGen       total 24576K, used 24319K [0x00000007bae00000, 0x00000007bc600000, 0x00000007c0000000)
  object space 24576K, 98% used [0x00000007bae00000,0x00000007bc5bfc28,0x00000007bc600000)
GC Heap History (10 events):
Event: 24,559 GC heap after
Heap after GC invocations=8 (full 0):
 PSYoungGen      total 139776K, used 3712K [0x00000007eaa80000, 0x00000007f3780000, 0x0000000800000000)
  eden space 135168K, 0% used [0x00000007eaa80000,0x00000007eaa80000,0x00000007f2e80000)
  from space 4608K, 80% used [0x00000007f3300000,0x00000007f36a0000,0x00000007f3780000)
  to   space 4608K, 0% used [0x00000007f2e80000,0x00000007f2e80000,0x00000007f3300000)
 ParOldGen       total 43520K, used 7120K [0x00000007c0000000, 0x00000007c2a80000, 0x00000007eaa80000)
  object space 43520K, 16% used [0x00000007c0000000,0x00000007c06f4218,0x00000007c2a80000)
 PSPermGen       total 24064K, used 23669K [0x00000007bae00000, 0x00000007bc580000, 0x00000007c0000000)
  object space 24064K, 98% used [0x00000007bae00000,0x00000007bc51d670,0x00000007bc580000)
}
Event: 26,014 GC heap before
{Heap before GC invocations=9 (full 0):
 PSYoungGen      total 139776K, used 138880K [0x00000007eaa80000, 0x00000007f3780000, 0x0000000800000000)
  eden space 135168K, 100% used [0x00000007eaa80000,0x00000007f2e80000,0x00000007f2e80000)
  from space 4608K, 80% used [0x00000007f3300000,0x00000007f36a0000,0x00000007f3780000)
  to   space 4608K, 0% used [0x00000007f2e80000,0x00000007f2e80000,0x00000007f3300000)
 ParOldGen       total 43520K, used 7120K [0x00000007c0000000, 0x00000007c2a80000, 0x00000007eaa80000)
  object space 43520K, 16% used [0x00000007c0000000,0x00000007c06f4218,0x00000007c2a80000)
 PSPermGen       total 24064K, used 24056K [0x00000007bae00000, 0x00000007bc580000, 0x00000007c0000000)
  object space 24064K, 99% used [0x00000007bae00000,0x00000007bc57e3f0,0x00000007bc580000)
Event: 26,081 GC heap after
Heap after GC invocations=9 (full 0):
 PSYoungGen      total 139776K, used 4448K [0x00000007eaa80000, 0x00000007f8800000, 0x0000000800000000)
  eden space 135168K, 0% used [0x00000007eaa80000,0x00000007eaa80000,0x00000007f2e80000)
  from space 4608K, 96% used [0x00000007f2e80000,0x00000007f32d8000,0x00000007f3300000)
  to   space 5120K, 0% used [0x00000007f8300000,0x00000007f8300000,0x00000007f8800000)
 ParOldGen       total 43520K, used 8479K [0x00000007c0000000, 0x00000007c2a80000, 0x00000007eaa80000)
  object space 43520K, 19% used [0x00000007c0000000,0x00000007c0847cf8,0x00000007c2a80000)
 PSPermGen       total 24064K, used 24056K [0x00000007bae00000, 0x00000007bc580000, 0x00000007c0000000)
  object space 24064K, 99% used [0x00000007bae00000,0x00000007bc57e3f0,0x00000007bc580000)
}
Event: 27,255 GC heap before
{Heap before GC invocations=10 (full 0):
 PSYoungGen      total 139776K, used 139616K [0x00000007eaa80000, 0x00000007f8800000, 0x0000000800000000)
  eden space 135168K, 100% used [0x00000007eaa80000,0x00000007f2e80000,0x00000007f2e80000)
  from space 4608K, 96% used [0x00000007f2e80000,0x00000007f32d8000,0x00000007f3300000)
  to   space 5120K, 0% used [0x00000007f8300000,0x00000007f8300000,0x00000007f8800000)
 ParOldGen       total 43520K, used 8479K [0x00000007c0000000, 0x00000007c2a80000, 0x00000007eaa80000)
  object space 43520K, 19% used [0x00000007c0000000,0x00000007c0847cf8,0x00000007c2a80000)
 PSPermGen       total 24576K, used 24196K [0x00000007bae00000, 0x00000007bc600000, 0x00000007c0000000)
  object space 24576K, 98% used [0x00000007bae00000,0x00000007bc5a1100,0x00000007bc600000)
Event: 27,324 GC heap after
Heap after GC invocations=10 (full 0):
 PSYoungGen      total 221696K, used 3936K [0x00000007eaa80000, 0x00000007f8800000, 0x0000000800000000)
  eden space 216576K, 0% used [0x00000007eaa80000,0x00000007eaa80000,0x00000007f7e00000)
  from space 5120K, 76% used [0x00000007f8300000,0x00000007f86d8000,0x00000007f8800000)
  to   space 5120K, 0% used [0x00000007f7e00000,0x00000007f7e00000,0x00000007f8300000)
 ParOldGen       total 43520K, used 10839K [0x00000007c0000000, 0x00000007c2a80000, 0x00000007eaa80000)
  object space 43520K, 24% used [0x00000007c0000000,0x00000007c0a95cf8,0x00000007c2a80000)
 PSPermGen       total 24576K, used 24196K [0x00000007bae00000, 0x00000007bc600000, 0x00000007c0000000)
  object space 24576K, 98% used [0x00000007bae00000,0x00000007bc5a1100,0x00000007bc600000)
}
Event: 29,013 GC heap before
{Heap before GC invocations=11 (full 0):
 PSYoungGen      total 221696K, used 220512K [0x00000007eaa80000, 0x00000007f8800000, 0x0000000800000000)
  eden space 216576K, 100% used [0x00000007eaa80000,0x00000007f7e00000,0x00000007f7e00000)
  from space 5120K, 76% used [0x00000007f8300000,0x00000007f86d8000,0x00000007f8800000)
  to   space 5120K, 0% used [0x00000007f7e00000,0x00000007f7e00000,0x00000007f8300000)
 ParOldGen       total 43520K, used 10839K [0x00000007c0000000, 0x00000007c2a80000, 0x00000007eaa80000)
  object space 43520K, 24% used [0x00000007c0000000,0x00000007c0a95cf8,0x00000007c2a80000)
 PSPermGen       total 24576K, used 24304K [0x00000007bae00000, 0x00000007bc600000, 0x00000007c0000000)
  object space 24576K, 98% used [0x00000007bae00000,0x00000007bc5bc318,0x00000007bc600000)
Event: 29,078 GC heap after
Heap after GC invocations=11 (full 0):
 PSYoungGen      total 221696K, used 2848K [0x00000007eaa80000, 0x0000000800000000, 0x0000000800000000)
  eden space 216576K, 0% used [0x00000007eaa80000,0x00000007eaa80000,0x00000007f7e00000)
  from space 5120K, 55% used [0x00000007f7e00000,0x00000007f80c8000,0x00000007f8300000)
  to   space 5120K, 0% used [0x00000007ffb00000,0x00000007ffb00000,0x0000000800000000)
 ParOldGen       total 43520K, used 14708K [0x00000007c0000000, 0x00000007c2a80000, 0x00000007eaa80000)
  object space 43520K, 33% used [0x00000007c0000000,0x00000007c0e5d188,0x00000007c2a80000)
 PSPermGen       total 24576K, used 24304K [0x00000007bae00000, 0x00000007bc600000, 0x00000007c0000000)
  object space 24576K, 98% used [0x00000007bae00000,0x00000007bc5bc318,0x00000007bc600000)
}
Event: 30,475 GC heap before
{Heap before GC invocations=12 (full 0):
 PSYoungGen      total 221696K, used 219424K [0x00000007eaa80000, 0x0000000800000000, 0x0000000800000000)
  eden space 216576K, 100% used [0x00000007eaa80000,0x00000007f7e00000,0x00000007f7e00000)
  from space 5120K, 55% used [0x00000007f7e00000,0x00000007f80c8000,0x00000007f8300000)
  to   space 5120K, 0% used [0x00000007ffb00000,0x00000007ffb00000,0x0000000800000000)
 ParOldGen       total 43520K, used 14708K [0x00000007c0000000, 0x00000007c2a80000, 0x00000007eaa80000)
  object space 43520K, 33% used [0x00000007c0000000,0x00000007c0e5d188,0x00000007c2a80000)
 PSPermGen       total 24576K, used 24317K [0x00000007bae00000, 0x00000007bc600000, 0x00000007c0000000)
  object space 24576K, 98% used [0x00000007bae00000,0x00000007bc5bf4f0,0x00000007bc600000)
Event: 30,546 GC heap after
Heap after GC invocations=12 (full 0):
 PSYoungGen      total 344576K, used 2720K [0x00000007eaa80000, 0x0000000800000000, 0x0000000800000000)
  eden space 339456K, 0% used [0x00000007eaa80000,0x00000007eaa80000,0x00000007ff600000)
  from space 5120K, 53% used [0x00000007ffb00000,0x00000007ffda8000,0x0000000800000000)
  to   space 5120K, 0% used [0x00000007ff600000,0x00000007ff600000,0x00000007ffb00000)
 ParOldGen       total 43520K, used 17524K [0x00000007c0000000, 0x00000007c2a80000, 0x00000007eaa80000)
  object space 43520K, 40% used [0x00000007c0000000,0x00000007c111d188,0x00000007c2a80000)
 PSPermGen       total 24576K, used 24317K [0x00000007bae00000, 0x00000007bc600000, 0x00000007c0000000)
  object space 24576K, 98% used [0x00000007bae00000,0x00000007bc5bf4f0,0x00000007bc600000)
}
Event: 33,290 GC heap before
{Heap before GC invocations=13 (full 0):
 PSYoungGen      total 344576K, used 342176K [0x00000007eaa80000, 0x0000000800000000, 0x0000000800000000)
  eden space 339456K, 100% used [0x00000007eaa80000,0x00000007ff600000,0x00000007ff600000)
  from space 5120K, 53% used [0x00000007ffb00000,0x00000007ffda8000,0x0000000800000000)
  to   space 5120K, 0% used [0x00000007ff600000,0x00000007ff600000,0x00000007ffb00000)
 ParOldGen       total 43520K, used 17524K [0x00000007c0000000, 0x00000007c2a80000, 0x00000007eaa80000)
  object space 43520K, 40% used [0x00000007c0000000,0x00000007c111d188,0x00000007c2a80000)
 PSPermGen       total 24576K, used 24319K [0x00000007bae00000, 0x00000007bc600000, 0x00000007c0000000)
  object space 24576K, 98% used [0x00000007bae00000,0x00000007bc5bfc28,0x00000007bc600000)

